23/04/2013 15:34:22 - New match 11348965 has started
23/04/2013 15:35:19 - Aldo killed Nick using M16
23/04/2013 15:36:04 - Nick killed João using M16
23/04/2013 15:36:05 - João killed Nick using AK47
23/04/2013 15:36:06 - Nick killed João using M16
23/04/2013 15:36:07 - Roman killed Nick using M16
23/04/2013 15:36:08 - João killed Nick using M16
23/04/2013 15:36:09 - Roman killed Nick using Bomb
23/04/2013 15:36:10 - Roman killed João using AK47
23/04/2013 15:36:11 - Nick killed Roman using M16
23/04/2013 15:36:12 - Roman killed Nick using Pistol
23/04/2013 15:36:13 - Roman killed João using Pistol
23/04/2013 15:36:14 - João killed Nick using AK47
23/04/2013 15:36:15 - Nick killed Roman using AK47
23/04/2013 15:36:16 - Roman killed Nick using M16
23/04/2013 15:36:17 - Roman killed João using Bomb
23/04/2013 15:36:18 - Roman killed Nick using Pistol
23/04/2013 15:36:19 - João killed Nick using AK47
23/04/2013 15:36:20 - Aldo killed Nick using AK47
23/04/2013 15:36:33 - <WORLD> killed Nick by DROWN
23/04/2013 15:36:45 - <WORLD> killed João by DROWN
23/04/2013 15:36:49 - Aldo killed Nick using AK47
23/04/2013 15:36:50 - <WORLD> killed Roman by DROWN
23/04/2013 15:36:59 - <WORLD> killed Roman by DROWN
23/04/2013 15:39:22 - Match 11348965 has ended

23/04/2013 16:34:22 - New match 123456 has started
23/04/2013 16:36:04 - Roman killed João using M16
23/04/2013 16:36:05 - João killed Nick using AK47
23/04/2013 16:36:06 - Nick killed João using M16
23/04/2013 16:36:08 - João killed Nick using M16
23/04/2013 16:36:09 - Roman killed Nick using Bomb
23/04/2013 16:36:10 - Roman killed João using AK47
23/04/2013 16:36:11 - Nick killed Roman using M16
23/04/2013 16:36:13 - Roman killed João using M16
23/04/2013 16:36:14 - João killed Nick using AK47
23/04/2013 16:36:15 - Nick killed Roman using AK47
23/04/2013 16:36:16 - Roman killed Nick using M16
23/04/2013 16:36:18 - Roman killed Nick using M16
23/04/2013 16:36:19 - João killed Nick using AK47
23/04/2013 16:36:33 - <WORLD> killed Nick by DROWN
23/04/2013 16:36:45 - <WORLD> killed João by DROWN
23/04/2013 16:36:50 - <WORLD> killed Roman by DROWN
23/04/2013 16:36:59 - <WORLD> killed Pedro by DROWN
23/04/2013 16:39:22 - Match 123456 has ended